<?xml version="1.0" encoding="UTF-8"?>
<!-- Generated by org.testng.reporters.JUnitReportReporter -->
<testsuite hostname="DESKTOP-L3QD2B7" failures="0" tests="3" name="org.snapshot.amazon.CrossBrowser_DockerTest" time="71.111" errors="0" timestamp="2024-10-09T20:02:17 IST" skipped="0">
  <testcase classname="org.snapshot.amazon.CrossBrowser_DockerTest" name="browserTest" time="28.142"/>
  <system-out/>
  <testcase classname="org.snapshot.amazon.CrossBrowser_DockerTest" name="browserTest" time="22.082"/>
  <system-out/>
  <testcase classname="org.snapshot.amazon.CrossBrowser_DockerTest" name="browserTest" time="20.887"/>
  <system-out/>
</testsuite> <!-- org.snapshot.amazon.CrossBrowser_DockerTest -->
