<?xml version="1.0" encoding="UTF-8"?>
<!-- Generated by org.testng.reporters.JUnitReportReporter -->
<testsuite hostname="DESKTOP-L3QD2B7" failures="0" tests="3" name="org.snapshot.amazon.CrossBrowser_DockerTest" time="80.140" errors="0" timestamp="2024-10-09T15:53:58 IST" skipped="0">
  <testcase classname="org.snapshot.amazon.CrossBrowser_DockerTest" name="browserTest" time="22.305"/>
  <system-out/>
  <testcase classname="org.snapshot.amazon.CrossBrowser_DockerTest" name="browserTest" time="31.914"/>
  <system-out/>
  <testcase classname="org.snapshot.amazon.CrossBrowser_DockerTest" name="browserTest" time="25.921"/>
  <system-out/>
</testsuite> <!-- org.snapshot.amazon.CrossBrowser_DockerTest -->
