<?xml version="1.0" encoding="UTF-8"?>
<!-- Generated by org.testng.reporters.JUnitReportReporter -->
<testsuite hostname="DESKTOP-L3QD2B7" failures="0" tests="3" name="org.snapshot.amazon.CrossBrowser_DockerTest" time="86.867" errors="0" timestamp="2024-10-10T11:54:49 IST" skipped="0">
  <testcase classname="org.snapshot.amazon.CrossBrowser_DockerTest" name="browserTest" time="24.825"/>
  <system-out/>
  <testcase classname="org.snapshot.amazon.CrossBrowser_DockerTest" name="browserTest" time="27.451"/>
  <system-out/>
  <testcase classname="org.snapshot.amazon.CrossBrowser_DockerTest" name="browserTest" time="34.591"/>
  <system-out/>
</testsuite> <!-- org.snapshot.amazon.CrossBrowser_DockerTest -->
