<?xml version="1.0" encoding="UTF-8"?>
<!-- Generated by org.testng.reporters.JUnitReportReporter -->
<testsuite hostname="DESKTOP-L3QD2B7" failures="0" tests="3" name="org.snapshot.amazon.CrossBrowser_DockerTest" time="83.796" errors="0" timestamp="2024-10-09T14:27:45 IST" skipped="0">
  <testcase classname="org.snapshot.amazon.CrossBrowser_DockerTest" name="browserTest" time="23.500"/>
  <system-out/>
  <testcase classname="org.snapshot.amazon.CrossBrowser_DockerTest" name="browserTest" time="32.255"/>
  <system-out/>
  <testcase classname="org.snapshot.amazon.CrossBrowser_DockerTest" name="browserTest" time="28.041"/>
  <system-out/>
</testsuite> <!-- org.snapshot.amazon.CrossBrowser_DockerTest -->
