<?xml version="1.0" encoding="UTF-8"?>
<!-- Generated by org.testng.reporters.JUnitReportReporter -->
<testsuite hostname="DESKTOP-L3QD2B7" failures="0" tests="1" name="org.snapshot.amazon.CrossBrowser_DockerTest" time="17.031" errors="0" timestamp="2024-10-10T12:03:56 IST" skipped="0">
  <testcase classname="org.snapshot.amazon.CrossBrowser_DockerTest" name="browserTest" time="17.031"/>
  <system-out/>
</testsuite> <!-- org.snapshot.amazon.CrossBrowser_DockerTest -->
