<?xml version="1.0" encoding="UTF-8"?>
<!-- Generated by org.testng.reporters.JUnitReportReporter -->
<testsuite hostname="DESKTOP-L3QD2B7" failures="0" tests="1" name="org.snapshot.amazon.AppTest" time="0.004" errors="0" timestamp="2024-10-09T21:07:36 IST" skipped="0">
  <testcase classname="org.snapshot.amazon.AppTest" name="testApp" time="0.004"/>
  <system-out/>
</testsuite> <!-- org.snapshot.amazon.AppTest -->
