<?xml version="1.0" encoding="UTF-8"?>
<!-- Generated by org.testng.reporters.JUnitReportReporter -->
<testsuite hostname="DESKTOP-L3QD2B7" failures="0" tests="3" name="org.snapshot.amazon.CrossBrowser_DockerTest" time="54.930" errors="0" timestamp="2024-10-10T12:31:45 IST" skipped="0">
  <testcase classname="org.snapshot.amazon.CrossBrowser_DockerTest" name="browserTest" time="21.062"/>
  <system-out/>
  <testcase classname="org.snapshot.amazon.CrossBrowser_DockerTest" name="browserTest" time="15.595"/>
  <system-out/>
  <testcase classname="org.snapshot.amazon.CrossBrowser_DockerTest" name="browserTest" time="18.273"/>
  <system-out/>
</testsuite> <!-- org.snapshot.amazon.CrossBrowser_DockerTest -->
